{"total": {"lines":{"total":127,"covered":125,"skipped":0,"pct":98.42},"statements":{"total":144,"covered":140,"skipped":0,"pct":97.22},"functions":{"total":33,"covered":31,"skipped":0,"pct":93.93},"branches":{"total":154,"covered":145,"skipped":0,"pct":94.15},"branchesTrue":{"total":0,"covered":0,"skipped":0,"pct":100}}
,"/app/src/services/notifications.ts": {"lines":{"total":78,"covered":77,"skipped":0,"pct":98.71},"functions":{"total":17,"covered":16,"skipped":0,"pct":94.11},"statements":{"total":89,"covered":86,"skipped":0,"pct":96.62},"branches":{"total":35,"covered":28,"skipped":0,"pct":80}}
,"/app/src/state/storage.ts": {"lines":{"total":49,"covered":48,"skipped":0,"pct":97.95},"functions":{"total":16,"covered":15,"skipped":0,"pct":93.75},"statements":{"total":55,"covered":54,"skipped":0,"pct":98.18},"branches":{"total":119,"covered":117,"skipped":0,"pct":98.31}}
}
