TN:
SF:src/services/notifications.ts
FN:12,(anonymous_7)
FN:12,(anonymous_8)
FN:24,(anonymous_9)
FN:26,(anonymous_10)
FN:26,(anonymous_11)
FN:40,(anonymous_12)
FN:40,(anonymous_13)
FN:47,(anonymous_14)
FN:47,(anonymous_15)
FN:58,(anonymous_16)
FN:63,(anonymous_17)
FN:101,(anonymous_18)
FN:106,(anonymous_19)
FN:140,(anonymous_20)
FN:140,(anonymous_21)
FN:145,(anonymous_22)
FN:145,(anonymous_23)
FN:149,(anonymous_24)
FN:154,(anonymous_25)
FN:157,(anonymous_26)
FN:190,(anonymous_27)
FN:195,(anonymous_28)
FN:205,(anonymous_29)
FN:211,(anonymous_30)
FN:223,(anonymous_31)
FN:226,(anonymous_32)
FN:232,(anonymous_33)
FNF:27
FNH:26
FNDA:6,(anonymous_7)
FNDA:6,(anonymous_8)
FNDA:2,(anonymous_9)
FNDA:2,(anonymous_10)
FNDA:2,(anonymous_11)
FNDA:4,(anonymous_12)
FNDA:4,(anonymous_13)
FNDA:2,(anonymous_14)
FNDA:2,(anonymous_15)
FNDA:2,(anonymous_16)
FNDA:2,(anonymous_17)
FNDA:2,(anonymous_18)
FNDA:2,(anonymous_19)
FNDA:1,(anonymous_20)
FNDA:1,(anonymous_21)
FNDA:2,(anonymous_22)
FNDA:2,(anonymous_23)
FNDA:2,(anonymous_24)
FNDA:3,(anonymous_25)
FNDA:9,(anonymous_26)
FNDA:3,(anonymous_27)
FNDA:3,(anonymous_28)
FNDA:3,(anonymous_29)
FNDA:5,(anonymous_30)
FNDA:0,(anonymous_31)
FNDA:2,(anonymous_32)
FNDA:1,(anonymous_33)
DA:1,1
DA:2,1
DA:3,1
DA:7,1
DA:8,1
DA:9,1
DA:12,6
DA:13,6
DA:14,6
DA:16,1
DA:17,1
DA:24,2
DA:26,2
DA:27,2
DA:28,2
DA:37,2
DA:40,4
DA:41,4
DA:42,4
DA:43,2
DA:44,2
DA:47,2
DA:48,2
DA:49,1
DA:50,1
DA:53,1
DA:54,1
DA:58,1
DA:63,2
DA:64,2
DA:65,2
DA:66,1
DA:67,1
DA:70,1
DA:71,1
DA:73,0
DA:76,1
DA:78,1
DA:93,1
DA:96,1
DA:97,1
DA:101,1
DA:106,2
DA:107,2
DA:109,2
DA:110,2
DA:113,1
DA:114,1
DA:116,0
DA:119,1
DA:121,1
DA:122,1
DA:140,1
DA:141,1
DA:142,1
DA:145,2
DA:146,2
DA:147,1
DA:148,1
DA:149,2
DA:151,1
DA:154,1
DA:155,3
DA:157,3
DA:158,9
DA:159,9
DA:160,9
DA:161,9
DA:162,9
DA:163,9
DA:164,9
DA:165,9
DA:166,9
DA:167,9
DA:168,9
DA:171,3
DA:172,1
DA:173,1
DA:174,1
DA:175,1
DA:178,2
DA:179,1
DA:180,1
DA:181,1
DA:182,1
DA:185,1
DA:186,1
DA:187,1
DA:190,1
DA:191,3
DA:192,3
DA:195,1
DA:201,3
DA:202,3
DA:203,3
DA:205,3
DA:206,3
DA:207,3
DA:208,3
DA:211,3
DA:212,5
DA:213,5
DA:214,5
DA:215,5
DA:216,2
DA:217,2
DA:219,3
DA:222,3
DA:223,1
DA:226,2
DA:227,2
DA:228,1
DA:232,2
DA:233,1
DA:234,1
LF:115
LH:113
BRDA:42,0,0,2
BRDA:42,0,1,2
BRDA:48,1,0,1
BRDA:48,1,1,1
BRDA:53,2,0,1
BRDA:53,2,1,0
BRDA:53,3,0,1
BRDA:53,3,1,1
BRDA:65,4,0,1
BRDA:65,4,1,1
BRDA:67,5,0,0
BRDA:67,5,1,1
BRDA:84,6,0,1
BRDA:84,6,1,0
BRDA:96,7,0,1
BRDA:96,7,1,0
BRDA:96,8,0,1
BRDA:96,8,1,1
BRDA:107,9,0,0
BRDA:107,9,1,2
BRDA:107,10,0,2
BRDA:107,10,1,2
BRDA:110,11,0,1
BRDA:110,11,1,1
BRDA:129,12,0,1
BRDA:129,12,1,0
BRDA:141,13,0,0
BRDA:141,13,1,1
BRDA:146,14,0,1
BRDA:146,14,1,1
BRDA:148,15,0,1
BRDA:148,15,1,0
BRDA:157,16,0,3
BRDA:157,17,0,3
BRDA:171,18,0,1
BRDA:171,18,1,2
BRDA:178,19,0,1
BRDA:178,19,1,1
BRDA:199,20,0,0
BRDA:206,21,0,0
BRDA:206,21,1,3
BRDA:208,22,0,1
BRDA:208,22,1,2
BRDA:208,23,0,3
BRDA:208,23,1,3
BRDA:215,24,0,2
BRDA:215,24,1,3
BRDA:222,25,0,1
BRDA:222,25,1,2
BRDA:227,26,0,1
BRDA:227,26,1,1
BRF:51
BRH:41
end_of_record
TN:
SF:src/state/storage.ts
FN:11,(anonymous_0)
FN:16,(anonymous_1)
FN:60,(anonymous_2)
FN:158,(anonymous_3)
FN:158,(anonymous_4)
FN:166,(anonymous_5)
FN:166,(anonymous_6)
FN:178,(anonymous_7)
FN:184,(anonymous_8)
FN:188,(anonymous_9)
FN:204,(anonymous_10)
FN:208,(anonymous_11)
FN:217,(anonymous_12)
FN:218,(anonymous_13)
FN:257,(anonymous_14)
FN:268,(anonymous_15)
FNF:16
FNH:15
FNDA:5,(anonymous_0)
FNDA:3,(anonymous_1)
FNDA:1,(anonymous_2)
FNDA:5,(anonymous_3)
FNDA:1,(anonymous_4)
FNDA:5,(anonymous_5)
FNDA:1,(anonymous_6)
FNDA:1,(anonymous_7)
FNDA:12,(anonymous_8)
FNDA:1,(anonymous_9)
FNDA:1,(anonymous_10)
FNDA:3,(anonymous_11)
FNDA:3,(anonymous_12)
FNDA:0,(anonymous_13)
FNDA:12,(anonymous_14)
FNDA:1,(anonymous_15)
DA:3,2
DA:4,2
DA:5,2
DA:6,2
DA:7,2
DA:8,2
DA:9,2
DA:10,2
DA:11,2
DA:12,5
DA:13,5
DA:14,5
DA:16,2
DA:17,3
DA:18,3
DA:19,3
DA:20,3
DA:23,2
DA:32,2
DA:60,2
DA:61,1
DA:62,1
DA:63,1
DA:64,1
DA:66,1
DA:67,1
DA:69,1
DA:122,1
DA:158,5
DA:166,5
DA:178,1
DA:184,2
DA:185,12
DA:187,12
DA:188,1
DA:198,12
DA:204,1
DA:208,3
DA:217,3
DA:218,0
DA:257,2
DA:258,12
DA:259,12
DA:261,11
DA:262,11
DA:264,1
DA:268,2
DA:269,1
DA:272,2
LF:49
LH:48
BRDA:11,0,0,2
BRDA:178,1,0,0
BRDA:178,1,1,1
BRDA:178,2,0,1
BRDA:178,2,1,1
BRDA:185,3,0,5
BRDA:185,3,1,7
BRDA:185,4,0,12
BRDA:185,4,1,5
BRDA:187,5,0,7
BRDA:187,5,1,5
BRDA:187,6,0,12
BRDA:187,6,1,12
BRDA:187,7,0,6
BRDA:187,7,1,6
BRDA:187,8,0,12
BRDA:187,8,1,12
BRDA:188,9,0,5
BRDA:188,9,1,1
BRDA:188,10,0,6
BRDA:188,10,1,6
BRDA:201,11,0,5
BRDA:201,11,1,7
BRDA:201,12,0,12
BRDA:201,12,1,12
BRDA:204,13,0,6
BRDA:204,13,1,6
BRDA:204,14,0,12
BRDA:204,14,1,12
BRDA:204,15,0,6
BRDA:204,15,1,6
BRDA:204,16,0,12
BRDA:204,16,1,12
BRDA:206,17,0,0
BRDA:206,17,1,1
BRDA:206,18,0,1
BRDA:206,18,1,1
BRDA:211,19,0,1
BRDA:211,19,1,2
BRDA:211,20,0,3
BRDA:211,20,1,1
BRDA:215,21,0,1
BRDA:215,21,1,2
BRDA:215,22,0,3
BRDA:215,22,1,1
BRDA:217,23,0,3
BRDA:217,23,1,3
BRDA:217,23,2,3
BRDA:217,23,3,2
BRDA:221,24,0,5
BRDA:221,24,1,7
BRDA:221,25,0,12
BRDA:221,25,1,12
BRDA:224,26,0,6
BRDA:224,26,1,6
BRDA:224,27,0,12
BRDA:224,27,1,6
BRDA:224,28,0,2
BRDA:224,28,1,10
BRDA:224,29,0,12
BRDA:224,29,1,12
BRDA:228,30,0,5
BRDA:228,30,1,7
BRDA:228,31,0,12
BRDA:228,31,1,5
BRDA:228,32,0,2
BRDA:228,32,1,10
BRDA:228,33,0,12
BRDA:228,33,1,12
BRDA:232,34,0,5
BRDA:232,34,1,7
BRDA:232,35,0,12
BRDA:232,35,1,5
BRDA:232,36,0,2
BRDA:232,36,1,10
BRDA:232,37,0,12
BRDA:232,37,1,12
BRDA:236,38,0,5
BRDA:236,38,1,7
BRDA:236,39,0,12
BRDA:236,39,1,5
BRDA:236,40,0,2
BRDA:236,40,1,10
BRDA:236,41,0,12
BRDA:236,41,1,12
BRDA:240,42,0,6
BRDA:240,42,1,6
BRDA:240,43,0,12
BRDA:240,43,1,6
BRDA:240,44,0,2
BRDA:240,44,1,10
BRDA:240,45,0,12
BRDA:240,45,1,12
BRDA:243,46,0,5
BRDA:243,46,1,7
BRDA:243,47,0,12
BRDA:243,47,1,12
BRDA:243,48,0,2
BRDA:243,48,1,10
BRDA:243,49,0,12
BRDA:243,49,1,12
BRDA:245,50,0,6
BRDA:245,50,1,6
BRDA:245,51,0,12
BRDA:245,51,1,6
BRDA:245,52,0,2
BRDA:245,52,1,10
BRDA:245,53,0,12
BRDA:245,53,1,12
BRDA:248,54,0,5
BRDA:248,54,1,7
BRDA:248,55,0,12
BRDA:248,55,1,12
BRDA:248,56,0,2
BRDA:248,56,1,10
BRDA:248,57,0,12
BRDA:248,57,1,12
BRDA:259,58,0,1
BRDA:259,58,1,11
BRF:119
BRH:117
end_of_record
