TN:
SF:src/services/notifications.ts
FN:8,(anonymous_7)
FN:8,(anonymous_8)
FN:19,(anonymous_9)
FN:24,(anonymous_10)
FN:30,(anonymous_11)
FN:46,(anonymous_12)
FN:46,(anonymous_13)
FN:50,(anonymous_14)
FN:55,(anonymous_15)
FN:58,(anonymous_16)
FN:91,(anonymous_17)
FN:96,(anonymous_18)
FN:106,(anonymous_19)
FN:112,(anonymous_20)
FN:123,(anonymous_21)
FN:126,(anonymous_22)
FN:132,(anonymous_23)
FNF:17
FNH:16
FNDA:2,(anonymous_7)
FNDA:2,(anonymous_8)
FNDA:2,(anonymous_9)
FNDA:2,(anonymous_10)
FNDA:3,(anonymous_11)
FNDA:2,(anonymous_12)
FNDA:2,(anonymous_13)
FNDA:2,(anonymous_14)
FNDA:3,(anonymous_15)
FNDA:9,(anonymous_16)
FNDA:3,(anonymous_17)
FNDA:2,(anonymous_18)
FNDA:2,(anonymous_19)
FNDA:4,(anonymous_20)
FNDA:0,(anonymous_21)
FNDA:2,(anonymous_22)
FNDA:1,(anonymous_23)
DA:1,1
DA:2,1
DA:6,1
DA:8,2
DA:9,2
DA:10,1
DA:11,1
DA:14,1
DA:15,1
DA:19,1
DA:24,2
DA:25,2
DA:27,2
DA:28,1
DA:29,1
DA:30,3
DA:38,1
DA:41,1
DA:42,1
DA:46,2
DA:47,2
DA:48,1
DA:49,1
DA:50,2
DA:52,1
DA:55,1
DA:56,3
DA:58,3
DA:59,9
DA:60,9
DA:61,9
DA:62,9
DA:63,9
DA:64,9
DA:65,9
DA:66,9
DA:67,9
DA:68,9
DA:69,9
DA:72,3
DA:73,1
DA:74,1
DA:75,1
DA:76,1
DA:79,2
DA:80,1
DA:81,1
DA:82,1
DA:83,1
DA:86,1
DA:87,1
DA:88,1
DA:91,1
DA:92,3
DA:93,3
DA:96,1
DA:102,2
DA:103,2
DA:104,2
DA:106,2
DA:107,2
DA:108,2
DA:109,2
DA:112,2
DA:113,4
DA:114,4
DA:115,4
DA:116,1
DA:117,1
DA:119,3
DA:122,2
DA:123,0
DA:126,2
DA:127,2
DA:128,1
DA:132,2
DA:133,1
DA:134,1
LF:78
LH:77
BRDA:9,0,0,1
BRDA:9,0,1,1
BRDA:14,1,0,1
BRDA:14,1,1,0
BRDA:14,2,0,1
BRDA:14,2,1,1
BRDA:27,3,0,1
BRDA:27,3,1,1
BRDA:41,4,0,1
BRDA:41,4,1,0
BRDA:41,5,0,1
BRDA:41,5,1,1
BRDA:47,6,0,1
BRDA:47,6,1,1
BRDA:49,7,0,1
BRDA:49,7,1,0
BRDA:58,8,0,3
BRDA:58,9,0,3
BRDA:72,10,0,1
BRDA:72,10,1,2
BRDA:79,11,0,1
BRDA:79,11,1,1
BRDA:100,12,0,0
BRDA:107,13,0,0
BRDA:107,13,1,2
BRDA:109,14,0,0
BRDA:109,14,1,2
BRDA:109,15,0,2
BRDA:109,15,1,2
BRDA:115,16,0,1
BRDA:115,16,1,3
BRDA:122,17,0,0
BRDA:122,17,1,2
BRDA:127,18,0,1
BRDA:127,18,1,1
BRF:35
BRH:28
end_of_record
TN:
SF:src/state/storage.ts
FN:103,(anonymous_0)
FN:107,(anonymous_1)
FN:153,(anonymous_2)
FN:164,(anonymous_3)
FNF:4
FNH:3
FNDA:3,(anonymous_0)
FNDA:0,(anonymous_1)
FNDA:5,(anonymous_2)
FNDA:1,(anonymous_3)
DA:3,1
DA:4,1
DA:5,1
DA:6,1
DA:7,1
DA:8,1
DA:10,1
DA:19,1
DA:103,1
DA:104,3
DA:106,3
DA:107,0
DA:115,3
DA:153,1
DA:154,5
DA:155,5
DA:157,4
DA:158,4
DA:160,1
DA:164,1
DA:165,1
DA:168,1
LF:22
LH:21
BRDA:104,0,0,1
BRDA:104,0,1,2
BRDA:104,1,0,3
BRDA:104,1,1,1
BRDA:106,2,0,1
BRDA:106,2,1,2
BRDA:106,3,0,3
BRDA:106,3,1,3
BRDA:106,4,0,1
BRDA:106,4,1,2
BRDA:106,5,0,3
BRDA:106,5,1,3
BRDA:107,6,0,2
BRDA:107,6,1,0
BRDA:107,7,0,2
BRDA:107,7,1,2
BRDA:118,8,0,1
BRDA:118,8,1,2
BRDA:118,9,0,3
BRDA:118,9,1,3
BRDA:120,10,0,1
BRDA:120,10,1,2
BRDA:120,11,0,3
BRDA:120,11,1,3
BRDA:122,12,0,1
BRDA:122,12,1,2
BRDA:122,13,0,3
BRDA:122,13,1,3
BRDA:125,14,0,1
BRDA:125,14,1,2
BRDA:125,15,0,3
BRDA:125,15,1,1
BRDA:125,16,0,0
BRDA:125,16,1,3
BRDA:125,17,0,3
BRDA:125,17,1,3
BRDA:129,18,0,1
BRDA:129,18,1,2
BRDA:129,19,0,3
BRDA:129,19,1,1
BRDA:129,20,0,0
BRDA:129,20,1,3
BRDA:129,21,0,3
BRDA:129,21,1,3
BRDA:133,22,0,1
BRDA:133,22,1,2
BRDA:133,23,0,3
BRDA:133,23,1,1
BRDA:133,24,0,0
BRDA:133,24,1,3
BRDA:133,25,0,3
BRDA:133,25,1,3
BRDA:137,26,0,1
BRDA:137,26,1,2
BRDA:137,27,0,3
BRDA:137,27,1,1
BRDA:137,28,0,0
BRDA:137,28,1,3
BRDA:137,29,0,3
BRDA:137,29,1,3
BRDA:140,30,0,1
BRDA:140,30,1,2
BRDA:140,31,0,3
BRDA:140,31,1,3
BRDA:140,32,0,0
BRDA:140,32,1,3
BRDA:140,33,0,3
BRDA:140,33,1,3
BRDA:142,34,0,2
BRDA:142,34,1,1
BRDA:142,35,0,3
BRDA:142,35,1,2
BRDA:142,36,0,0
BRDA:142,36,1,3
BRDA:142,37,0,3
BRDA:142,37,1,3
BRDA:155,38,0,1
BRDA:155,38,1,4
BRF:78
BRH:71
end_of_record
